********************************************
 ** Run Git pull @  
/var/www
 Status of  /var/www ...
 
 

 ***** Done ***** 
********************************************
 ** Run Git pull @  
/var/www
 Status of  /var/www ...
 
 

 ***** Done ***** 
********************************************
 ** Run Git pull @  
/var/www
 Status of  /var/www ...
 
On branch master
Your branch is up-to-date with 'origin/master'.

Untracked files:
  (use "git add <file>..." to include in what will be committed)

	.gitignore
	.ssh/
	config/README.txt
	config/aws.conf
	config/global-config/
	config/instance-config/
	config/local-config/
	data/
	db/
	dependencies/
	htdocs/.htaccess
	htdocs/.upload.php.swp
	htdocs/css/
	htdocs/fonts/
	htdocs/host.php
	htdocs/img/
	htdocs/js/
	htdocs/media/
	htdocs/mediaTP-Kembla_18021010331700.jpg
	htdocs/mediaTP-Kembla_18021016333900.jpg
	html
	includes.php
	lib/.gitkeep
	lib/DBConnect.php
	lib/api.handler.php
	lib/jwt.php
	lib/jwt_helper.php
	lib/smarty.php
	mediahandler/
	mhlpublicwww_git-pull.log
	passwd/
	scripts/
	ssl/
	templates/

nothing added to commit but untracked files present (use "git add" to track)
 
Already up-to-date.

 ***** Done ***** 
********************************************
 ** Run Git pull @  
/var/www
 Status of  /var/www ...
 
On branch master
Your branch is up-to-date with 'origin/master'.

Untracked files:
  (use "git add <file>..." to include in what will be committed)

	.gitignore
	.ssh/
	config/README.txt
	config/aws.conf
	config/global-config/
	config/instance-config/
	config/local-config/
	data/
	db/
	dependencies/
	htdocs/.htaccess
	htdocs/.upload.php.swp
	htdocs/css/
	htdocs/fonts/
	htdocs/host.php
	htdocs/img/
	htdocs/js/
	htdocs/media/
	htdocs/mediaTP-Kembla_18021010331700.jpg
	htdocs/mediaTP-Kembla_18021016333900.jpg
	html
	includes.php
	lib/.gitkeep
	lib/DBConnect.php
	lib/api.handler.php
	lib/jwt.php
	lib/jwt_helper.php
	lib/smarty.php
	mediahandler/
	mhlpublicwww_git-pull.log
	passwd/
	scripts/
	ssl/
	templates/

nothing added to commit but untracked files present (use "git add" to track)
 
Already up-to-date.

 ***** Done ***** 
********************************************
 ** Run Git pull @  
/var/www
 Status of  /var/www ...
 
On branch master
Your branch is up-to-date with 'origin/master'.

Untracked files:
  (use "git add <file>..." to include in what will be committed)

	.gitignore
	.ssh/
	config/README.txt
	config/aws.conf
	config/global-config/
	config/instance-config/
	config/local-config/
	data/
	db/
	dependencies/
	htdocs/.htaccess
	htdocs/.upload.php.swp
	htdocs/css/
	htdocs/fonts/
	htdocs/host.php
	htdocs/img/
	htdocs/js/
	htdocs/media/
	htdocs/mediaTP-Kembla_18021010331700.jpg
	htdocs/mediaTP-Kembla_18021016333900.jpg
	html
	includes.php
	lib/.gitkeep
	lib/DBConnect.php
	lib/api.handler.php
	lib/jwt.php
	lib/jwt_helper.php
	lib/smarty.php
	mediahandler/
	mhlpublicwww_git-pull.log
	passwd/
	scripts/
	ssl/
	templates/

nothing added to commit but untracked files present (use "git add" to track)
 
Already up-to-date.

 ***** Done ***** 
********************************************
 ** Run Git pull @  
/var/www
 Status of  /var/www ...
 
On branch master
Your branch is up-to-date with 'origin/master'.

Untracked files:
  (use "git add <file>..." to include in what will be committed)

	.gitignore
	.ssh/
	config/README.txt
	config/aws.conf
	config/global-config/
	config/instance-config/
	config/local-config/
	data/
	db/
	dependencies/
	htdocs/.htaccess
	htdocs/.upload.php.swp
	htdocs/css/
	htdocs/fonts/
	htdocs/host.php
	htdocs/img/
	htdocs/js/
	htdocs/media/
	htdocs/mediaTP-Kembla_18021010331700.jpg
	htdocs/mediaTP-Kembla_18021016333900.jpg
	html
	includes.php
	lib/.gitkeep
	lib/DBConnect.php
	lib/api.handler.php
	lib/jwt.php
	lib/jwt_helper.php
	lib/smarty.php
	mediahandler/
	mhlpublicwww_git-pull.log
	passwd/
	scripts/
	ssl/
	templates/

nothing added to commit but untracked files present (use "git add" to track)
 
Already up-to-date.

 ***** Done ***** 
********************************************
 ** Run Git pull @  
/var/www
 Status of  /var/www ...
 
On branch master
Your branch is up-to-date with 'origin/master'.

Untracked files:
  (use "git add <file>..." to include in what will be committed)

	.gitignore
	.ssh/
	config/README.txt
	config/aws.conf
	config/global-config/
	config/instance-config/
	config/local-config/
	data/
	db/
	dependencies/
	htdocs/.htaccess
	htdocs/.upload.php.swp
	htdocs/css/
	htdocs/fonts/
	htdocs/host.php
	htdocs/img/
	htdocs/js/
	htdocs/media/
	htdocs/mediaTP-Kembla_18021010331700.jpg
	htdocs/mediaTP-Kembla_18021016333900.jpg
	html
	includes.php
	lib/.gitkeep
	lib/DBConnect.php
	lib/api.handler.php
	lib/jwt.php
	lib/jwt_helper.php
	lib/smarty.php
	mediahandler/
	mhlpublicwww_git-pull.log
	passwd/
	scripts/
	ssl/
	templates/

nothing added to commit but untracked files present (use "git add" to track)
 
Already up-to-date.

 ***** Done ***** 
********************************************
 ** Run Git pull @  
/var/www
 Status of  /var/www ...
 
On branch master
Your branch is up-to-date with 'origin/master'.

Untracked files:
  (use "git add <file>..." to include in what will be committed)

	.gitignore
	.ssh/
	config/README.txt
	config/aws.conf
	config/global-config/
	config/instance-config/
	config/local-config/
	data/
	db/
	dependencies/
	htdocs/.htaccess
	htdocs/.upload.php.swp
	htdocs/css/
	htdocs/fonts/
	htdocs/host.php
	htdocs/img/
	htdocs/js/
	htdocs/media/
	htdocs/mediaTP-Kembla_18021010331700.jpg
	htdocs/mediaTP-Kembla_18021016333900.jpg
	html
	includes.php
	lib/.gitkeep
	lib/DBConnect.php
	lib/api.handler.php
	lib/jwt.php
	lib/jwt_helper.php
	lib/smarty.php
	mediahandler/
	mhlpublicwww_git-pull.log
	passwd/
	scripts/
	ssl/
	templates/

nothing added to commit but untracked files present (use "git add" to track)
 
Already up-to-date.

 ***** Done ***** 
********************************************
 ** Run Git pull @  
/var/www
 Status of  /var/www ...
 
On branch master
Your branch is up-to-date with 'origin/master'.

Untracked files:
  (use "git add <file>..." to include in what will be committed)

	.gitignore
	.ssh/
	config/README.txt
	config/aws.conf
	config/global-config/
	config/instance-config/
	config/local-config/
	data/
	db/
	dependencies/
	htdocs/.htaccess
	htdocs/.upload.php.swp
	htdocs/css/
	htdocs/fonts/
	htdocs/host.php
	htdocs/img/
	htdocs/js/
	htdocs/media/
	htdocs/mediaTP-Kembla_18021010331700.jpg
	htdocs/mediaTP-Kembla_18021016333900.jpg
	html
	includes.php
	lib/.gitkeep
	lib/DBConnect.php
	lib/api.handler.php
	lib/jwt.php
	lib/jwt_helper.php
	lib/smarty.php
	mediahandler/
	mhlpublicwww_git-pull.log
	passwd/
	scripts/
	ssl/
	templates/

nothing added to commit but untracked files present (use "git add" to track)
 
Already up-to-date.

 ***** Done ***** 
********************************************
 ** Run Git pull @  
/var/www
 Status of  /var/www ...
 
On branch master
Your branch is up-to-date with 'origin/master'.

Untracked files:
  (use "git add <file>..." to include in what will be committed)

	.gitignore
	.ssh/
	config/README.txt
	config/aws.conf
	config/global-config/
	config/instance-config/
	config/local-config/
	data/
	db/
	dependencies/
	htdocs/.htaccess
	htdocs/.upload.php.swp
	htdocs/css/
	htdocs/fonts/
	htdocs/host.php
	htdocs/img/
	htdocs/js/
	htdocs/media/
	htdocs/mediaTP-Kembla_18021010331700.jpg
	htdocs/mediaTP-Kembla_18021016333900.jpg
	html
	includes.php
	lib/.gitkeep
	lib/DBConnect.php
	lib/api.handler.php
	lib/jwt.php
	lib/jwt_helper.php
	lib/smarty.php
	mediahandler/
	mhlpublicwww_git-pull.log
	passwd/
	scripts/
	ssl/
	templates/

nothing added to commit but untracked files present (use "git add" to track)
 
Already up-to-date.

 ***** Done ***** 
********************************************
 ** Run Git pull @  
/var/www
 Status of  /var/www ...
 
On branch master
Your branch is up-to-date with 'origin/master'.

Untracked files:
  (use "git add <file>..." to include in what will be committed)

	.gitignore
	.ssh/
	config/README.txt
	config/aws.conf
	config/global-config/
	config/instance-config/
	config/local-config/
	data/
	db/
	dependencies/
	htdocs/.htaccess
	htdocs/.upload.php.swp
	htdocs/css/
	htdocs/fonts/
	htdocs/host.php
	htdocs/img/
	htdocs/js/
	htdocs/media/
	htdocs/mediaTP-Kembla_18021010331700.jpg
	htdocs/mediaTP-Kembla_18021016333900.jpg
	html
	includes.php
	lib/.gitkeep
	lib/DBConnect.php
	lib/api.handler.php
	lib/jwt.php
	lib/jwt_helper.php
	lib/smarty.php
	mediahandler/
	mhlpublicwww_git-pull.log
	passwd/
	scripts/
	ssl/
	templates/

nothing added to commit but untracked files present (use "git add" to track)
 
Already up-to-date.

 ***** Done ***** 
********************************************
 ** Run Git pull @  
/var/www
 Status of  /var/www ...
 
On branch master
Your branch is up-to-date with 'origin/master'.

Untracked files:
  (use "git add <file>..." to include in what will be committed)

	.gitignore
	.ssh/
	config/README.txt
	config/aws.conf
	config/global-config/
	config/instance-config/
	config/local-config/
	data/
	db/
	dependencies/
	htdocs/.htaccess
	htdocs/.upload.php.swp
	htdocs/css/
	htdocs/fonts/
	htdocs/host.php
	htdocs/img/
	htdocs/js/
	htdocs/media/
	htdocs/mediaTP-Kembla_18021010331700.jpg
	htdocs/mediaTP-Kembla_18021016333900.jpg
	html
	includes.php
	lib/.gitkeep
	lib/DBConnect.php
	lib/api.handler.php
	lib/jwt.php
	lib/jwt_helper.php
	lib/smarty.php
	mediahandler/
	mhlpublicwww_git-pull.log
	passwd/
	scripts/
	ssl/
	templates/

nothing added to commit but untracked files present (use "git add" to track)
 
Already up-to-date.

 ***** Done ***** 
********************************************
 ** Run Git pull @  
/var/www
 Status of  /var/www ...
 
On branch master
Your branch is up-to-date with 'origin/master'.

Untracked files:
  (use "git add <file>..." to include in what will be committed)

	.gitignore
	.ssh/
	config/README.txt
	config/aws.conf
	config/global-config/
	config/instance-config/
	config/local-config/
	data/
	db/
	dependencies/
	htdocs/.htaccess
	htdocs/.upload.php.swp
	htdocs/css/
	htdocs/fonts/
	htdocs/host.php
	htdocs/img/
	htdocs/js/
	htdocs/media/
	htdocs/mediaTP-Kembla_18021010331700.jpg
	htdocs/mediaTP-Kembla_18021016333900.jpg
	html
	includes.php
	lib/.gitkeep
	lib/DBConnect.php
	lib/api.handler.php
	lib/jwt.php
	lib/jwt_helper.php
	lib/smarty.php
	mediahandler/
	mhlpublicwww_git-pull.log
	passwd/
	scripts/
	ssl/
	templates/

nothing added to commit but untracked files present (use "git add" to track)
 
Already up-to-date.

 ***** Done ***** 
********************************************
 ** Run Git pull @  
/var/www
 Status of  /var/www ...
 
On branch master
Your branch is up-to-date with 'origin/master'.

Untracked files:
  (use "git add <file>..." to include in what will be committed)

	.gitignore
	.ssh/
	config/README.txt
	config/aws.conf
	config/global-config/
	config/instance-config/
	config/local-config/
	data/
	db/
	dependencies/
	htdocs/.htaccess
	htdocs/.upload.php.swp
	htdocs/css/
	htdocs/fonts/
	htdocs/host.php
	htdocs/img/
	htdocs/js/
	htdocs/media/
	htdocs/mediaTP-Kembla_18021010331700.jpg
	htdocs/mediaTP-Kembla_18021016333900.jpg
	html
	includes.php
	lib/.gitkeep
	lib/DBConnect.php
	lib/api.handler.php
	lib/jwt.php
	lib/jwt_helper.php
	lib/smarty.php
	mediahandler/
	mhlpublicwww_git-pull.log
	passwd/
	scripts/
	ssl/
	templates/

nothing added to commit but untracked files present (use "git add" to track)
 
Already up-to-date.

 ***** Done ***** 
********************************************
 ** Run Git pull @  
/var/www
 Status of  /var/www ...
 
On branch master
Your branch is up-to-date with 'origin/master'.

Untracked files:
  (use "git add <file>..." to include in what will be committed)

	.gitignore
	.ssh/
	config/README.txt
	config/aws.conf
	config/global-config/
	config/instance-config/
	config/local-config/
	data/
	db/
	dependencies/
	htdocs/.htaccess
	htdocs/.upload.php.swp
	htdocs/css/
	htdocs/fonts/
	htdocs/host.php
	htdocs/img/
	htdocs/js/
	htdocs/media/
	htdocs/mediaTP-Kembla_18021010331700.jpg
	htdocs/mediaTP-Kembla_18021016333900.jpg
	html
	includes.php
	lib/.gitkeep
	lib/DBConnect.php
	lib/api.handler.php
	lib/jwt.php
	lib/jwt_helper.php
	lib/smarty.php
	mediahandler/
	mhlpublicwww_git-pull.log
	passwd/
	scripts/
	ssl/
	templates/

nothing added to commit but untracked files present (use "git add" to track)
 
Already up-to-date.

 ***** Done ***** 
********************************************
 ** Run Git pull @  
/var/www
 Status of  /var/www ...
 
On branch master
Your branch is up-to-date with 'origin/master'.

Untracked files:
  (use "git add <file>..." to include in what will be committed)

	.gitignore
	.ssh/
	config/README.txt
	config/aws.conf
	config/global-config/
	config/instance-config/
	config/local-config/
	data/
	db/
	dependencies/
	htdocs/.htaccess
	htdocs/.upload.php.swp
	htdocs/css/
	htdocs/fonts/
	htdocs/host.php
	htdocs/img/
	htdocs/js/
	htdocs/media/
	htdocs/mediaTP-Kembla_18021010331700.jpg
	htdocs/mediaTP-Kembla_18021016333900.jpg
	html
	includes.php
	lib/.gitkeep
	lib/DBConnect.php
	lib/api.handler.php
	lib/jwt.php
	lib/jwt_helper.php
	lib/smarty.php
	mediahandler/
	mhlpublicwww_git-pull.log
	passwd/
	scripts/
	ssl/
	templates/

nothing added to commit but untracked files present (use "git add" to track)
 
Already up-to-date.

 ***** Done ***** 
********************************************
 ** Run Git pull @  
/var/www
 Status of  /var/www ...
 
On branch master
Your branch is up-to-date with 'origin/master'.

Untracked files:
  (use "git add <file>..." to include in what will be committed)

	.gitignore
	.ssh/
	config/README.txt
	config/aws.conf
	config/global-config/
	config/instance-config/
	config/local-config/
	data/
	db/
	dependencies/
	htdocs/.htaccess
	htdocs/.upload.php.swp
	htdocs/css/
	htdocs/fonts/
	htdocs/host.php
	htdocs/img/
	htdocs/js/
	htdocs/media/
	htdocs/mediaTP-Kembla_18021010331700.jpg
	htdocs/mediaTP-Kembla_18021016333900.jpg
	html
	includes.php
	lib/.gitkeep
	lib/DBConnect.php
	lib/api.handler.php
	lib/jwt.php
	lib/jwt_helper.php
	lib/smarty.php
	mediahandler/
	mhlpublicwww_git-pull.log
	passwd/
	scripts/
	ssl/
	templates/

nothing added to commit but untracked files present (use "git add" to track)
 
Already up-to-date.

 ***** Done ***** 
********************************************
 ** Run Git pull @  
/var/www
 Status of  /var/www ...
 
On branch master
Your branch is up-to-date with 'origin/master'.

Untracked files:
  (use "git add <file>..." to include in what will be committed)

	.gitignore
	.ssh/
	config/README.txt
	config/aws.conf
	config/global-config/
	config/instance-config/
	config/local-config/
	data/
	db/
	dependencies/
	htdocs/.htaccess
	htdocs/.upload.php.swp
	htdocs/css/
	htdocs/fonts/
	htdocs/host.php
	htdocs/img/
	htdocs/js/
	htdocs/media/
	htdocs/mediaTP-Kembla_18021010331700.jpg
	htdocs/mediaTP-Kembla_18021016333900.jpg
	html
	includes.php
	lib/.gitkeep
	lib/DBConnect.php
	lib/api.handler.php
	lib/jwt.php
	lib/jwt_helper.php
	lib/smarty.php
	mediahandler/
	mhlpublicwww_git-pull.log
	passwd/
	scripts/
	ssl/
	templates/

nothing added to commit but untracked files present (use "git add" to track)
 
Already up-to-date.

 ***** Done ***** 
********************************************
 ** Run Git pull @  
/var/www
 Status of  /var/www ...
 
On branch master
Your branch is up-to-date with 'origin/master'.

Untracked files:
  (use "git add <file>..." to include in what will be committed)

	.gitignore
	.ssh/
	config/README.txt
	config/aws.conf
	config/global-config/
	config/instance-config/
	config/local-config/
	data/
	db/
	dependencies/
	htdocs/.htaccess
	htdocs/.upload.php.swp
	htdocs/css/
	htdocs/fonts/
	htdocs/host.php
	htdocs/img/
	htdocs/js/
	htdocs/media/
	htdocs/mediaTP-Kembla_18021010331700.jpg
	htdocs/mediaTP-Kembla_18021016333900.jpg
	html
	includes.php
	lib/.gitkeep
	lib/DBConnect.php
	lib/api.handler.php
	lib/jwt.php
	lib/jwt_helper.php
	lib/smarty.php
	mediahandler/
	mhlpublicwww_git-pull.log
	passwd/
	scripts/
	ssl/
	templates/

nothing added to commit but untracked files present (use "git add" to track)
 
Already up-to-date.

 ***** Done ***** 
********************************************
 ** Run Git pull @  
/var/www
 Status of  /var/www ...
 
On branch master
Your branch is up-to-date with 'origin/master'.

Untracked files:
  (use "git add <file>..." to include in what will be committed)

	.gitignore
	.ssh/
	config/README.txt
	config/aws.conf
	config/global-config/
	config/instance-config/
	config/local-config/
	data/
	db/
	dependencies/
	htdocs/.htaccess
	htdocs/.upload.php.swp
	htdocs/css/
	htdocs/fonts/
	htdocs/host.php
	htdocs/img/
	htdocs/js/
	htdocs/media/
	htdocs/mediaTP-Kembla_18021010331700.jpg
	htdocs/mediaTP-Kembla_18021016333900.jpg
	html
	includes.php
	lib/.gitkeep
	lib/DBConnect.php
	lib/api.handler.php
	lib/jwt.php
	lib/jwt_helper.php
	lib/smarty.php
	mediahandler/
	mhlpublicwww_git-pull.log
	passwd/
	scripts/
	ssl/
	templates/

nothing added to commit but untracked files present (use "git add" to track)
 
Already up-to-date.

 ***** Done ***** 
********************************************
 ** Run Git pull @  
/var/www
 Status of  /var/www ...
 
On branch master
Your branch is up-to-date with 'origin/master'.

Untracked files:
  (use "git add <file>..." to include in what will be committed)

	.gitignore
	.ssh/
	config/README.txt
	config/aws.conf
	config/global-config/
	config/instance-config/
	config/local-config/
	data/
	db/
	dependencies/
	htdocs/.htaccess
	htdocs/.upload.php.swp
	htdocs/css/
	htdocs/fonts/
	htdocs/host.php
	htdocs/img/
	htdocs/js/
	htdocs/media/
	htdocs/mediaTP-Kembla_18021010331700.jpg
	htdocs/mediaTP-Kembla_18021016333900.jpg
	html
	includes.php
	lib/.gitkeep
	lib/DBConnect.php
	lib/api.handler.php
	lib/jwt.php
	lib/jwt_helper.php
	lib/smarty.php
	mediahandler/
	mhlpublicwww_git-pull.log
	passwd/
	scripts/
	ssl/
	templates/

nothing added to commit but untracked files present (use "git add" to track)
 
Already up-to-date.

 ***** Done ***** 
********************************************
 ** Run Git pull @  
/var/www
 Status of  /var/www ...
 
On branch master
Your branch is up-to-date with 'origin/master'.

Untracked files:
  (use "git add <file>..." to include in what will be committed)

	.gitignore
	.ssh/
	config/README.txt
	config/aws.conf
	config/global-config/
	config/instance-config/
	config/local-config/
	data/
	db/
	dependencies/
	htdocs/.htaccess
	htdocs/.upload.php.swp
	htdocs/css/
	htdocs/fonts/
	htdocs/host.php
	htdocs/img/
	htdocs/js/
	htdocs/media/
	htdocs/mediaTP-Kembla_18021010331700.jpg
	htdocs/mediaTP-Kembla_18021016333900.jpg
	html
	includes.php
	lib/.gitkeep
	lib/DBConnect.php
	lib/api.handler.php
	lib/jwt.php
	lib/jwt_helper.php
	lib/smarty.php
	mediahandler/
	mhlpublicwww_git-pull.log
	passwd/
	scripts/
	ssl/
	templates/

nothing added to commit but untracked files present (use "git add" to track)
 
Already up-to-date.

 ***** Done ***** 
********************************************
 ** Run Git pull @  
/var/www
 Status of  /var/www ...
 
On branch master
Your branch is up-to-date with 'origin/master'.

Untracked files:
  (use "git add <file>..." to include in what will be committed)

	.gitignore
	.ssh/
	config/README.txt
	config/aws.conf
	config/global-config/
	config/instance-config/
	config/local-config/
	data/
	db/
	dependencies/
	htdocs/.htaccess
	htdocs/.upload.php.swp
	htdocs/css/
	htdocs/fonts/
	htdocs/host.php
	htdocs/img/
	htdocs/js/
	htdocs/media/
	htdocs/mediaTP-Kembla_18021010331700.jpg
	htdocs/mediaTP-Kembla_18021016333900.jpg
	html
	includes.php
	lib/.gitkeep
	lib/DBConnect.php
	lib/api.handler.php
	lib/jwt.php
	lib/jwt_helper.php
	lib/smarty.php
	mediahandler/
	mhlpublicwww_git-pull.log
	passwd/
	scripts/
	ssl/
	templates/

nothing added to commit but untracked files present (use "git add" to track)
 
Already up-to-date.

 ***** Done ***** 
********************************************
 ** Run Git pull @  
/var/www
 Status of  /var/www ...
 
On branch master
Your branch is up-to-date with 'origin/master'.

Untracked files:
  (use "git add <file>..." to include in what will be committed)

	.gitignore
	.ssh/
	config/README.txt
	config/aws.conf
	config/global-config/
	config/instance-config/
	config/local-config/
	data/
	db/
	dependencies/
	htdocs/.htaccess
	htdocs/.upload.php.swp
	htdocs/css/
	htdocs/fonts/
	htdocs/host.php
	htdocs/img/
	htdocs/js/
	htdocs/media/
	htdocs/mediaTP-Kembla_18021010331700.jpg
	htdocs/mediaTP-Kembla_18021016333900.jpg
	html
	includes.php
	lib/.gitkeep
	lib/DBConnect.php
	lib/api.handler.php
	lib/jwt.php
	lib/jwt_helper.php
	lib/smarty.php
	mediahandler/
	mhlpublicwww_git-pull.log
	passwd/
	scripts/
	ssl/
	templates/

nothing added to commit but untracked files present (use "git add" to track)
 
Already up-to-date.

 ***** Done ***** 
********************************************
 ** Run Git pull @  
/var/www
 Status of  /var/www ...
 
On branch master
Your branch is up-to-date with 'origin/master'.

Untracked files:
  (use "git add <file>..." to include in what will be committed)

	.gitignore
	.ssh/
	config/README.txt
	config/aws.conf
	config/global-config/
	config/instance-config/
	config/local-config/
	data/
	db/
	dependencies/
	htdocs/.htaccess
	htdocs/.upload.php.swp
	htdocs/css/
	htdocs/fonts/
	htdocs/host.php
	htdocs/img/
	htdocs/js/
	htdocs/media/
	htdocs/mediaTP-Kembla_18021010331700.jpg
	htdocs/mediaTP-Kembla_18021016333900.jpg
	html
	includes.php
	lib/.gitkeep
	lib/DBConnect.php
	lib/api.handler.php
	lib/jwt.php
	lib/jwt_helper.php
	lib/smarty.php
	mediahandler/
	mhlpublicwww_git-pull.log
	passwd/
	scripts/
	ssl/
	templates/

nothing added to commit but untracked files present (use "git add" to track)
 
Already up-to-date.

 ***** Done ***** 
********************************************
 ** Run Git pull @  
/var/www
 Status of  /var/www ...
 
On branch master
Your branch is up-to-date with 'origin/master'.

Untracked files:
  (use "git add <file>..." to include in what will be committed)

	.gitignore
	.ssh/
	config/README.txt
	config/aws.conf
	config/global-config/
	config/instance-config/
	config/local-config/
	data/
	db/
	dependencies/
	htdocs/.htaccess
	htdocs/.upload.php.swp
	htdocs/css/
	htdocs/fonts/
	htdocs/host.php
	htdocs/img/
	htdocs/js/
	htdocs/media/
	htdocs/mediaTP-Kembla_18021010331700.jpg
	htdocs/mediaTP-Kembla_18021016333900.jpg
	html
	includes.php
	lib/.gitkeep
	lib/DBConnect.php
	lib/api.handler.php
	lib/jwt.php
	lib/jwt_helper.php
	lib/smarty.php
	mediahandler/
	mhlpublicwww_git-pull.log
	passwd/
	scripts/
	ssl/
	templates/

nothing added to commit but untracked files present (use "git add" to track)
 
Already up-to-date.

 ***** Done ***** 
********************************************
 ** Run Git pull @  
/var/www
 Status of  /var/www ...
 
On branch master
Your branch is up-to-date with 'origin/master'.

Untracked files:
  (use "git add <file>..." to include in what will be committed)

	.gitignore
	.ssh/
	config/README.txt
	config/aws.conf
	config/global-config/
	config/instance-config/
	config/local-config/
	data/
	db/
	dependencies/
	htdocs/.htaccess
	htdocs/.upload.php.swp
	htdocs/css/
	htdocs/fonts/
	htdocs/host.php
	htdocs/img/
	htdocs/js/
	htdocs/media/
	htdocs/mediaTP-Kembla_18021010331700.jpg
	htdocs/mediaTP-Kembla_18021016333900.jpg
	html
	includes.php
	lib/.gitkeep
	lib/DBConnect.php
	lib/api.handler.php
	lib/jwt.php
	lib/jwt_helper.php
	lib/smarty.php
	mediahandler/
	mhlpublicwww_git-pull.log
	passwd/
	scripts/
	ssl/
	templates/

nothing added to commit but untracked files present (use "git add" to track)
 
Already up-to-date.

 ***** Done ***** 
********************************************
 ** Run Git pull @  
/var/www
 Status of  /var/www ...
 
On branch master
Your branch is up-to-date with 'origin/master'.

Untracked files:
  (use "git add <file>..." to include in what will be committed)

	.gitignore
	.ssh/
	config/README.txt
	config/aws.conf
	config/global-config/
	config/instance-config/
	config/local-config/
	data/
	db/
	dependencies/
	htdocs/.htaccess
	htdocs/.upload.php.swp
	htdocs/css/
	htdocs/fonts/
	htdocs/host.php
	htdocs/img/
	htdocs/js/
	htdocs/media/
	htdocs/mediaTP-Kembla_18021010331700.jpg
	htdocs/mediaTP-Kembla_18021016333900.jpg
	html
	includes.php
	lib/.gitkeep
	lib/DBConnect.php
	lib/api.handler.php
	lib/jwt.php
	lib/jwt_helper.php
	lib/smarty.php
	mediahandler/
	mhlpublicwww_git-pull.log
	passwd/
	scripts/
	ssl/
	templates/

nothing added to commit but untracked files present (use "git add" to track)
 
Already up-to-date.

 ***** Done ***** 
********************************************
 ** Run Git pull @  
/var/www
 Status of  /var/www ...
 
On branch master
Your branch is up-to-date with 'origin/master'.

Untracked files:
  (use "git add <file>..." to include in what will be committed)

	.gitignore
	.ssh/
	config/README.txt
	config/aws.conf
	config/global-config/
	config/instance-config/
	config/local-config/
	data/
	db/
	dependencies/
	htdocs/.htaccess
	htdocs/.upload.php.swp
	htdocs/css/
	htdocs/fonts/
	htdocs/host.php
	htdocs/img/
	htdocs/js/
	htdocs/media/
	htdocs/mediaTP-Kembla_18021010331700.jpg
	htdocs/mediaTP-Kembla_18021016333900.jpg
	html
	includes.php
	lib/.gitkeep
	lib/DBConnect.php
	lib/api.handler.php
	lib/jwt.php
	lib/jwt_helper.php
	lib/smarty.php
	mediahandler/
	mhlpublicwww_git-pull.log
	passwd/
	scripts/
	ssl/
	templates/

nothing added to commit but untracked files present (use "git add" to track)
 
Already up-to-date.

 ***** Done ***** 
********************************************
 ** Run Git pull @  
/var/www
 Status of  /var/www ...
 
On branch master
Your branch is up-to-date with 'origin/master'.

Untracked files:
  (use "git add <file>..." to include in what will be committed)

	.gitignore
	.ssh/
	config/README.txt
	config/aws.conf
	config/global-config/
	config/instance-config/
	config/local-config/
	data/
	db/
	dependencies/
	htdocs/.htaccess
	htdocs/.upload.php.swp
	htdocs/css/
	htdocs/fonts/
	htdocs/host.php
	htdocs/img/
	htdocs/js/
	htdocs/media/
	htdocs/mediaTP-Kembla_18021010331700.jpg
	htdocs/mediaTP-Kembla_18021016333900.jpg
	html
	includes.php
	lib/.gitkeep
	lib/DBConnect.php
	lib/api.handler.php
	lib/jwt.php
	lib/jwt_helper.php
	lib/smarty.php
	mediahandler/
	mhlpublicwww_git-pull.log
	passwd/
	scripts/
	ssl/
	templates/

nothing added to commit but untracked files present (use "git add" to track)
 
Already up-to-date.

 ***** Done ***** 
********************************************
 ** Run Git pull @  
/var/www
 Status of  /var/www ...
 
On branch master
Your branch is up-to-date with 'origin/master'.

Untracked files:
  (use "git add <file>..." to include in what will be committed)

	.gitignore
	.ssh/
	config/README.txt
	config/aws.conf
	config/global-config/
	config/instance-config/
	config/local-config/
	data/
	db/
	dependencies/
	htdocs/.htaccess
	htdocs/.upload.php.swp
	htdocs/css/
	htdocs/fonts/
	htdocs/host.php
	htdocs/img/
	htdocs/js/
	htdocs/media/
	htdocs/mediaTP-Kembla_18021010331700.jpg
	htdocs/mediaTP-Kembla_18021016333900.jpg
	html
	includes.php
	lib/.gitkeep
	lib/DBConnect.php
	lib/api.handler.php
	lib/jwt.php
	lib/jwt_helper.php
	lib/smarty.php
	mediahandler/
	mhlpublicwww_git-pull.log
	passwd/
	scripts/
	ssl/
	templates/

nothing added to commit but untracked files present (use "git add" to track)
 
Already up-to-date.

 ***** Done ***** 
********************************************
 ** Run Git pull @  
/var/www
 Status of  /var/www ...
 
On branch master
Your branch is up-to-date with 'origin/master'.

Untracked files:
  (use "git add <file>..." to include in what will be committed)

	.gitignore
	.ssh/
	config/README.txt
	config/aws.conf
	config/global-config/
	config/instance-config/
	config/local-config/
	data/
	db/
	dependencies/
	htdocs/.htaccess
	htdocs/.upload.php.swp
	htdocs/css/
	htdocs/fonts/
	htdocs/host.php
	htdocs/img/
	htdocs/js/
	htdocs/media/
	htdocs/mediaTP-Kembla_18021010331700.jpg
	htdocs/mediaTP-Kembla_18021016333900.jpg
	html
	includes.php
	lib/.gitkeep
	lib/DBConnect.php
	lib/api.handler.php
	lib/jwt.php
	lib/jwt_helper.php
	lib/smarty.php
	mediahandler/
	mhlpublicwww_git-pull.log
	passwd/
	scripts/
	ssl/
	templates/

nothing added to commit but untracked files present (use "git add" to track)
 
Already up-to-date.

 ***** Done ***** 
********************************************
 ** Run Git pull @  
/var/www
 Status of  /var/www ...
 
On branch master
Your branch is up-to-date with 'origin/master'.

Untracked files:
  (use "git add <file>..." to include in what will be committed)

	.gitignore
	.ssh/
	config/README.txt
	config/aws.conf
	config/global-config/
	config/instance-config/
	config/local-config/
	data/
	db/
	dependencies/
	htdocs/.htaccess
	htdocs/.upload.php.swp
	htdocs/css/
	htdocs/fonts/
	htdocs/host.php
	htdocs/img/
	htdocs/js/
	htdocs/media/
	htdocs/mediaTP-Kembla_18021010331700.jpg
	htdocs/mediaTP-Kembla_18021016333900.jpg
	html
	includes.php
	lib/.gitkeep
	lib/DBConnect.php
	lib/api.handler.php
	lib/jwt.php
	lib/jwt_helper.php
	lib/smarty.php
	mediahandler/
	mhlpublicwww_git-pull.log
	passwd/
	scripts/
	ssl/
	templates/

nothing added to commit but untracked files present (use "git add" to track)
 
Already up-to-date.

 ***** Done ***** 
********************************************
 ** Run Git pull @  
/var/www
 Status of  /var/www ...
 
On branch master
Your branch is up-to-date with 'origin/master'.

Untracked files:
  (use "git add <file>..." to include in what will be committed)

	.gitignore
	.ssh/
	config/README.txt
	config/aws.conf
	config/global-config/
	config/instance-config/
	config/local-config/
	data/
	db/
	dependencies/
	htdocs/.htaccess
	htdocs/.upload.php.swp
	htdocs/css/
	htdocs/fonts/
	htdocs/host.php
	htdocs/img/
	htdocs/js/
	htdocs/media/
	htdocs/mediaTP-Kembla_18021010331700.jpg
	htdocs/mediaTP-Kembla_18021016333900.jpg
	html
	includes.php
	lib/.gitkeep
	lib/DBConnect.php
	lib/api.handler.php
	lib/jwt.php
	lib/jwt_helper.php
	lib/smarty.php
	mediahandler/
	mhlpublicwww_git-pull.log
	passwd/
	scripts/
	ssl/
	templates/

nothing added to commit but untracked files present (use "git add" to track)
 
Already up-to-date.

 ***** Done ***** 
********************************************
 ** Run Git pull @  
/var/www
 Status of  /var/www ...
 
On branch master
Your branch is up-to-date with 'origin/master'.

Untracked files:
  (use "git add <file>..." to include in what will be committed)

	.gitignore
	.ssh/
	config/README.txt
	config/aws.conf
	config/global-config/
	config/instance-config/
	config/local-config/
	data/
	db/
	dependencies/
	htdocs/.htaccess
	htdocs/.upload.php.swp
	htdocs/css/
	htdocs/fonts/
	htdocs/host.php
	htdocs/img/
	htdocs/js/
	htdocs/media/
	htdocs/mediaTP-Kembla_18021010331700.jpg
	htdocs/mediaTP-Kembla_18021016333900.jpg
	html
	includes.php
	lib/.gitkeep
	lib/DBConnect.php
	lib/api.handler.php
	lib/jwt.php
	lib/jwt_helper.php
	lib/smarty.php
	mediahandler/
	mhlpublicwww_git-pull.log
	passwd/
	scripts/
	ssl/
	templates/

nothing added to commit but untracked files present (use "git add" to track)
 
Already up-to-date.

 ***** Done ***** 
********************************************
 ** Run Git pull @  
/var/www
 Status of  /var/www ...
 
On branch master
Your branch is up-to-date with 'origin/master'.

Untracked files:
  (use "git add <file>..." to include in what will be committed)

	.gitignore
	.ssh/
	config/README.txt
	config/aws.conf
	config/global-config/
	config/instance-config/
	config/local-config/
	data/
	db/
	dependencies/
	htdocs/.htaccess
	htdocs/.upload.php.swp
	htdocs/css/
	htdocs/fonts/
	htdocs/host.php
	htdocs/img/
	htdocs/js/
	htdocs/media/
	htdocs/mediaTP-Kembla_18021010331700.jpg
	htdocs/mediaTP-Kembla_18021016333900.jpg
	html
	includes.php
	lib/.gitkeep
	lib/DBConnect.php
	lib/api.handler.php
	lib/jwt.php
	lib/jwt_helper.php
	lib/smarty.php
	mediahandler/
	mhlpublicwww_git-pull.log
	passwd/
	scripts/
	ssl/
	templates/

nothing added to commit but untracked files present (use "git add" to track)
 
Already up-to-date.

 ***** Done ***** 
********************************************
 ** Run Git pull @  
/var/www
 Status of  /var/www ...
 
On branch master
Your branch is up-to-date with 'origin/master'.

Untracked files:
  (use "git add <file>..." to include in what will be committed)

	.gitignore
	.ssh/
	config/README.txt
	config/aws.conf
	config/global-config/
	config/instance-config/
	config/local-config/
	data/
	db/
	dependencies/
	htdocs/.htaccess
	htdocs/.upload.php.swp
	htdocs/css/
	htdocs/fonts/
	htdocs/host.php
	htdocs/img/
	htdocs/js/
	htdocs/media/
	htdocs/mediaTP-Kembla_18021010331700.jpg
	htdocs/mediaTP-Kembla_18021016333900.jpg
	html
	includes.php
	lib/.gitkeep
	lib/DBConnect.php
	lib/api.handler.php
	lib/jwt.php
	lib/jwt_helper.php
	lib/smarty.php
	mediahandler/
	mhlpublicwww_git-pull.log
	passwd/
	scripts/
	ssl/
	templates/

nothing added to commit but untracked files present (use "git add" to track)
 
Already up-to-date.

 ***** Done ***** 
********************************************
 ** Run Git pull @  
/var/www
 Status of  /var/www ...
 
On branch master
Your branch is up-to-date with 'origin/master'.

Untracked files:
  (use "git add <file>..." to include in what will be committed)

	.gitignore
	.ssh/
	config/README.txt
	config/aws.conf
	config/global-config/
	config/instance-config/
	config/local-config/
	data/
	db/
	dependencies/
	htdocs/.htaccess
	htdocs/.upload.php.swp
	htdocs/css/
	htdocs/fonts/
	htdocs/host.php
	htdocs/img/
	htdocs/js/
	htdocs/media/
	htdocs/mediaTP-Kembla_18021010331700.jpg
	htdocs/mediaTP-Kembla_18021016333900.jpg
	html
	includes.php
	lib/.gitkeep
	lib/DBConnect.php
	lib/api.handler.php
	lib/jwt.php
	lib/jwt_helper.php
	lib/smarty.php
	mediahandler/
	mhlpublicwww_git-pull.log
	passwd/
	scripts/
	ssl/
	templates/

nothing added to commit but untracked files present (use "git add" to track)
 
Already up-to-date.

 ***** Done ***** 
********************************************
 ** Run Git pull @  
/var/www
 Status of  /var/www ...
 
On branch master
Your branch is up-to-date with 'origin/master'.

Untracked files:
  (use "git add <file>..." to include in what will be committed)

	.gitignore
	.ssh/
	config/README.txt
	config/aws.conf
	config/global-config/
	config/instance-config/
	config/local-config/
	data/
	db/
	dependencies/
	htdocs/.htaccess
	htdocs/.upload.php.swp
	htdocs/css/
	htdocs/fonts/
	htdocs/host.php
	htdocs/img/
	htdocs/js/
	htdocs/media/
	htdocs/mediaTP-Kembla_18021010331700.jpg
	htdocs/mediaTP-Kembla_18021016333900.jpg
	html
	includes.php
	lib/.gitkeep
	lib/DBConnect.php
	lib/api.handler.php
	lib/jwt.php
	lib/jwt_helper.php
	lib/smarty.php
	mediahandler/
	mhlpublicwww_git-pull.log
	passwd/
	scripts/
	ssl/
	templates/

nothing added to commit but untracked files present (use "git add" to track)
 
Already up-to-date.

 ***** Done ***** 
********************************************
 ** Run Git pull @  
/var/www
 Status of  /var/www ...
 
On branch master
Your branch is up-to-date with 'origin/master'.

Untracked files:
  (use "git add <file>..." to include in what will be committed)

	.gitignore
	.ssh/
	config/README.txt
	config/aws.conf
	config/global-config/
	config/instance-config/
	config/local-config/
	data/
	db/
	dependencies/
	htdocs/.htaccess
	htdocs/.upload.php.swp
	htdocs/css/
	htdocs/fonts/
	htdocs/host.php
	htdocs/img/
	htdocs/js/
	htdocs/media/
	htdocs/mediaTP-Kembla_18021010331700.jpg
	htdocs/mediaTP-Kembla_18021016333900.jpg
	html
	includes.php
	lib/.gitkeep
	lib/DBConnect.php
	lib/api.handler.php
	lib/jwt.php
	lib/jwt_helper.php
	lib/smarty.php
	mediahandler/
	mhlpublicwww_git-pull.log
	passwd/
	scripts/
	ssl/
	templates/

nothing added to commit but untracked files present (use "git add" to track)
 
Already up-to-date.

 ***** Done ***** 
********************************************
 ** Run Git pull @  
/var/www
 Status of  /var/www ...
 
On branch master
Your branch is up-to-date with 'origin/master'.

Untracked files:
  (use "git add <file>..." to include in what will be committed)

	.gitignore
	.ssh/
	config/README.txt
	config/aws.conf
	config/global-config/
	config/instance-config/
	config/local-config/
	data/
	db/
	dependencies/
	htdocs/.htaccess
	htdocs/.upload.php.swp
	htdocs/css/
	htdocs/fonts/
	htdocs/host.php
	htdocs/img/
	htdocs/js/
	htdocs/media/
	htdocs/mediaTP-Kembla_18021010331700.jpg
	htdocs/mediaTP-Kembla_18021016333900.jpg
	html
	includes.php
	lib/.gitkeep
	lib/DBConnect.php
	lib/api.handler.php
	lib/jwt.php
	lib/jwt_helper.php
	lib/smarty.php
	mediahandler/
	mhlpublicwww_git-pull.log
	passwd/
	scripts/
	ssl/
	templates/

nothing added to commit but untracked files present (use "git add" to track)
 
Already up-to-date.

 ***** Done ***** 
********************************************
 ** Run Git pull @  
/var/www
 Status of  /var/www ...
 
On branch master
Your branch is up-to-date with 'origin/master'.

Untracked files:
  (use "git add <file>..." to include in what will be committed)

	.gitignore
	.ssh/
	config/README.txt
	config/aws.conf
	config/global-config/
	config/instance-config/
	config/local-config/
	data/
	db/
	dependencies/
	htdocs/.htaccess
	htdocs/.upload.php.swp
	htdocs/css/
	htdocs/fonts/
	htdocs/host.php
	htdocs/img/
	htdocs/js/
	htdocs/media/
	htdocs/mediaTP-Kembla_18021010331700.jpg
	htdocs/mediaTP-Kembla_18021016333900.jpg
	html
	includes.php
	lib/.gitkeep
	lib/DBConnect.php
	lib/api.handler.php
	lib/jwt.php
	lib/jwt_helper.php
	lib/smarty.php
	mediahandler/
	mhlpublicwww_git-pull.log
	passwd/
	scripts/
	ssl/
	templates/

nothing added to commit but untracked files present (use "git add" to track)
 
Already up-to-date.

 ***** Done ***** 
********************************************
 ** Run Git pull @  
/var/www
 Status of  /var/www ...
 
On branch master
Your branch is up-to-date with 'origin/master'.

Untracked files:
  (use "git add <file>..." to include in what will be committed)

	.gitignore
	.ssh/
	config/README.txt
	config/aws.conf
	config/global-config/
	config/instance-config/
	config/local-config/
	data/
	db/
	dependencies/
	htdocs/.htaccess
	htdocs/.upload.php.swp
	htdocs/css/
	htdocs/fonts/
	htdocs/host.php
	htdocs/img/
	htdocs/js/
	htdocs/media/
	htdocs/mediaTP-Kembla_18021010331700.jpg
	htdocs/mediaTP-Kembla_18021016333900.jpg
	html
	includes.php
	lib/.gitkeep
	lib/DBConnect.php
	lib/api.handler.php
	lib/jwt.php
	lib/jwt_helper.php
	lib/smarty.php
	mediahandler/
	mhlpublicwww_git-pull.log
	passwd/
	scripts/
	ssl/
	templates/

nothing added to commit but untracked files present (use "git add" to track)
 
Already up-to-date.

 ***** Done ***** 
********************************************
 ** Run Git pull @  
/var/www
 Status of  /var/www ...
 
On branch master
Your branch is up-to-date with 'origin/master'.

Untracked files:
  (use "git add <file>..." to include in what will be committed)

	.gitignore
	.ssh/
	config/README.txt
	config/aws.conf
	config/global-config/
	config/instance-config/
	config/local-config/
	data/
	db/
	dependencies/
	htdocs/.htaccess
	htdocs/.upload.php.swp
	htdocs/css/
	htdocs/fonts/
	htdocs/host.php
	htdocs/img/
	htdocs/index.php
	htdocs/js/
	htdocs/media/
	htdocs/mediaTP-Kembla_18021010331700.jpg
	htdocs/mediaTP-Kembla_18021016333900.jpg
	html
	includes.php
	lib/.gitkeep
	lib/DBConnect.php
	lib/api.handler.php
	lib/jwt.php
	lib/jwt_helper.php
	lib/smarty.php
	mediahandler/
	mhlpublicwww_git-pull.log
	passwd/
	scripts/
	ssl/
	templates/

nothing added to commit but untracked files present (use "git add" to track)
 
Already up-to-date.

 ***** Done ***** 
